<?xml version="1.0" encoding="UTF-8"?>
<!-- Generated by org.testng.reporters.JUnitXMLReporter -->
<testsuite hostname="LAPTOP-F9SA4CRT" ignored="0" name="firefoxTest" tests="4" failures="0" timestamp="12 Feb 2018 14:05:04 GMT" time="80.633" errors="0">
  <testcase name="testInvalidLogin" time="4.425" classname="com.actitime.tests.InvalidLoginTest"/>
  <testcase name="testValidLoginLogout" time="8.762" classname="com.actitime.tests.ValidLoginLogoutTest"/>
  <testcase name="testVerifyBuild" time="7.442" classname="com.actitime.tests.VerifyBuildTest"/>
  <testcase name="testVerifyVersion" time="0.257" classname="com.actitime.tests.VerifyVersionTest"/>
</testsuite> <!-- firefoxTest -->
