<?xml version="1.0" encoding="UTF-8"?>
<!-- Generated by org.testng.reporters.JUnitXMLReporter -->
<testsuite hostname="LAPTOP-F9SA4CRT" ignored="0" name="Test" tests="4" failures="0" timestamp="07 Feb 2018 18:26:24 GMT" time="94.73" errors="0">
  <testcase name="testInvalidLogin" time="6.478" classname="com.actitime.tests.InvalidLoginTest"/>
  <testcase name="testValidLoginLogout" time="10.098" classname="com.actitime.tests.ValidLoginLogoutTest"/>
  <testcase name="testVerifyBuild" time="11.373" classname="com.actitime.tests.VerifyBuildTest"/>
  <testcase name="testVerifyVersion" time="0.272" classname="com.actitime.tests.VerifyVersionTest"/>
</testsuite> <!-- Test -->
