<?xml version="1.0" encoding="UTF-8"?>
<testng-results skipped="0" failed="1" ignored="0" total="8" passed="7">
  <reporter-output>
    <line>
      <![CDATA[title is matchingactiTIME - Login]]>
    </line>
    <line>
      <![CDATA[title is matchingactiTIME - Login]]>
    </line>
    <line>
      <![CDATA[title is matchingactiTIME - Enter Time-Track]]>
    </line>
    <line>
      <![CDATA[title is matchingactiTIME - Login]]>
    </line>
    <line>
      <![CDATA[title is matchingactiTIME - Login]]>
    </line>
    <line>
      <![CDATA[title is matchingactiTIME - Enter Time-Track]]>
    </line>
    <line>
      <![CDATA[title is matchingactiTIME - Login]]>
    </line>
    <line>
      <![CDATA[title is matchingactiTIME - Login]]>
    </line>
    <line>
      <![CDATA[element is matching[[RemoteWebDriver: chrome on XP (85bfc7347f490b1858f3d138802e1af5)] -> xpath: //span[contains(.,'invalid')]]]]>
    </line>
    <line>
      <![CDATA[title is matchingactiTIME - Login]]>
    </line>
    <line>
      <![CDATA[title is matchingactiTIME - Enter Time-Track]]>
    </line>
    <line>
      <![CDATA[title is matchingactiTIME - Login]]>
    </line>
    <line>
      <![CDATA[title is matchingactiTIME - Login]]>
    </line>
    <line>
      <![CDATA[title is matchingactiTIME - Enter Time-Track]]>
    </line>
    <line>
      <![CDATA[title is matchingactiTIME - Login]]>
    </line>
  </reporter-output>
  <suite name="Suite" duration-ms="377874" started-at="2018-02-12T13:58:46Z" finished-at="2018-02-12T14:05:04Z">
    <groups>
    </groups>
    <test name="chromeTest" duration-ms="297130" started-at="2018-02-12T13:58:46Z" finished-at="2018-02-12T14:03:43Z">
      <class name="com.actitime.tests.ValidLoginLogoutTest">
        <test-method status="PASS" signature="preCondition(java.lang.String, java.lang.String, java.lang.String)[pri:0, instance:com.actitime.tests.ValidLoginLogoutTest@3234e239]" name="preCondition" is-config="true" duration-ms="26749" started-at="2018-02-12T19:32:20Z" finished-at="2018-02-12T19:32:47Z">
          <params>
            <param index="0">
              <value>
                <![CDATA[http://192.168.79.1:4444/wd/hub]]>
              </value>
            </param>
            <param index="1">
              <value>
                <![CDATA[chrome]]>
              </value>
            </param>
            <param index="2">
              <value>
                <![CDATA[https://demo.actitime.com/login.do]]>
              </value>
            </param>
          </params>
          <reporter-output>
          </reporter-output>
        </test-method> <!-- preCondition -->
        <test-method status="PASS" signature="testValidLoginLogout()[pri:0, instance:com.actitime.tests.ValidLoginLogoutTest@3234e239]" name="testValidLoginLogout" duration-ms="12260" started-at="2018-02-12T19:32:47Z" finished-at="2018-02-12T19:32:59Z">
          <reporter-output>
            <line>
              <![CDATA[title is matchingactiTIME - Login]]>
            </line>
            <line>
              <![CDATA[title is matchingactiTIME - Enter Time-Track]]>
            </line>
            <line>
              <![CDATA[title is matchingactiTIME - Login]]>
            </line>
          </reporter-output>
        </test-method> <!-- testValidLoginLogout -->
        <test-method status="PASS" signature="postCondition()[pri:0, instance:com.actitime.tests.ValidLoginLogoutTest@3234e239]" name="postCondition" is-config="true" duration-ms="2163" started-at="2018-02-12T19:32:59Z" finished-at="2018-02-12T19:33:01Z">
          <reporter-output>
          </reporter-output>
        </test-method> <!-- postCondition -->
      </class> <!-- com.actitime.tests.ValidLoginLogoutTest -->
      <class name="com.actitime.tests.VerifyBuildTest">
        <test-method status="PASS" signature="preCondition(java.lang.String, java.lang.String, java.lang.String)[pri:0, instance:com.actitime.tests.VerifyBuildTest@3d921e20]" name="preCondition" is-config="true" duration-ms="13312" started-at="2018-02-12T19:33:01Z" finished-at="2018-02-12T19:33:15Z">
          <params>
            <param index="0">
              <value>
                <![CDATA[http://192.168.79.1:4444/wd/hub]]>
              </value>
            </param>
            <param index="1">
              <value>
                <![CDATA[chrome]]>
              </value>
            </param>
            <param index="2">
              <value>
                <![CDATA[https://demo.actitime.com/login.do]]>
              </value>
            </param>
          </params>
          <reporter-output>
          </reporter-output>
        </test-method> <!-- preCondition -->
        <test-method status="PASS" signature="testVerifyBuild()[pri:0, instance:com.actitime.tests.VerifyBuildTest@3d921e20]" name="testVerifyBuild" duration-ms="8250" started-at="2018-02-12T19:33:15Z" finished-at="2018-02-12T19:33:23Z">
          <reporter-output>
            <line>
              <![CDATA[title is matchingactiTIME - Login]]>
            </line>
            <line>
              <![CDATA[title is matchingactiTIME - Enter Time-Track]]>
            </line>
          </reporter-output>
        </test-method> <!-- testVerifyBuild -->
        <test-method status="PASS" signature="postCondition()[pri:0, instance:com.actitime.tests.VerifyBuildTest@3d921e20]" name="postCondition" is-config="true" duration-ms="2175" started-at="2018-02-12T19:33:23Z" finished-at="2018-02-12T19:33:25Z">
          <reporter-output>
          </reporter-output>
        </test-method> <!-- postCondition -->
      </class> <!-- com.actitime.tests.VerifyBuildTest -->
      <class name="com.actitime.tests.InvalidLoginTest">
        <test-method status="PASS" signature="preCondition(java.lang.String, java.lang.String, java.lang.String)[pri:0, instance:com.actitime.tests.InvalidLoginTest@c46bcd4]" name="preCondition" is-config="true" duration-ms="199604" started-at="2018-02-12T19:28:46Z" finished-at="2018-02-12T19:32:05Z">
          <params>
            <param index="0">
              <value>
                <![CDATA[http://192.168.79.1:4444/wd/hub]]>
              </value>
            </param>
            <param index="1">
              <value>
                <![CDATA[chrome]]>
              </value>
            </param>
            <param index="2">
              <value>
                <![CDATA[https://demo.actitime.com/login.do]]>
              </value>
            </param>
          </params>
          <reporter-output>
          </reporter-output>
        </test-method> <!-- preCondition -->
        <test-method status="FAIL" signature="testInvalidLogin()[pri:0, instance:com.actitime.tests.InvalidLoginTest@c46bcd4]" name="testInvalidLogin" duration-ms="11823" started-at="2018-02-12T19:32:05Z" finished-at="2018-02-12T19:32:17Z">
          <exception class="org.openqa.selenium.ElementNotVisibleException">
            <message>
              <![CDATA[element not visible  (Session info: chrome=63.0.3239.132)  (Driver info: chromedriver=2.33.506120 (e3e53437346286c0bc2d2dc9aa4915ba81d9023f),platform=Windows NT 10.0.15063 x86_64) (WARNING: The server did not provide any stacktrace information)Command duration or timeout: 0 millisecondsBuild info: version: '3.8.1', revision: '6e95a6684b', time: '2017-12-01T19:05:32.194Z'System info: host: 'LAPTOP-F9SA4CRT', ip: '192.168.79.1', os.name: 'Windows 10', os.arch: 'amd64', os.version: '10.0', java.version: '1.8.0_152'Driver info: org.openqa.selenium.remote.RemoteWebDriverCapabilities {acceptSslCerts: true, applicationCacheEnabled: false, browserConnectionEnabled: false, browserName: chrome, chrome: {chromedriverVersion: 2.33.506120 (e3e53437346286..., userDataDir: C:\Users\MKISHO~1\AppData\L...}, cssSelectorsEnabled: true, databaseEnabled: false, handlesAlerts: true, hasTouchScreen: false, javascriptEnabled: true, locationContextEnabled: true, mobileEmulationEnabled: false, nativeEvents: true, networkConnectionEnabled: false, pageLoadStrategy: normal, platform: XP, platformName: XP, rotatable: false, setWindowRect: true, takesHeapSnapshot: true, takesScreenshot: true, unexpectedAlertBehaviour: , unhandledPromptBehavior: , version: 63.0.3239.132, webStorageEnabled: true}Session ID: 4f310e6d07314a4deaea1e0bb6a9a16b]]>
            </message>
            <full-stacktrace>
              <![CDATA[org.openqa.selenium.ElementNotVisibleException: element not visible  (Session info: chrome=63.0.3239.132)  (Driver info: chromedriver=2.33.506120 (e3e53437346286c0bc2d2dc9aa4915ba81d9023f),platform=Windows NT 10.0.15063 x86_64) (WARNING: The server did not provide any stacktrace information)Command duration or timeout: 0 millisecondsBuild info: version: '3.8.1', revision: '6e95a6684b', time: '2017-12-01T19:05:32.194Z'System info: host: 'LAPTOP-F9SA4CRT', ip: '192.168.79.1', os.name: 'Windows 10', os.arch: 'amd64', os.version: '10.0', java.version: '1.8.0_152'Driver info: org.openqa.selenium.remote.RemoteWebDriverCapabilities {acceptSslCerts: true, applicationCacheEnabled: false, browserConnectionEnabled: false, browserName: chrome, chrome: {chromedriverVersion: 2.33.506120 (e3e53437346286..., userDataDir: C:\Users\MKISHO~1\AppData\L...}, cssSelectorsEnabled: true, databaseEnabled: false, handlesAlerts: true, hasTouchScreen: false, javascriptEnabled: true, locationContextEnabled: true, mobileEmulationEnabled: false, nativeEvents: true, networkConnectionEnabled: false, pageLoadStrategy: normal, platform: XP, platformName: XP, rotatable: false, setWindowRect: true, takesHeapSnapshot: true, takesScreenshot: true, unexpectedAlertBehaviour: , unhandledPromptBehavior: , version: 63.0.3239.132, webStorageEnabled: true}Session ID: 4f310e6d07314a4deaea1e0bb6a9a16bat sun.reflect.NativeConstructorAccessorImpl.newInstance0(Native Method)at sun.reflect.NativeConstructorAccessorImpl.newInstance(Unknown Source)at sun.reflect.DelegatingConstructorAccessorImpl.newInstance(Unknown Source)at java.lang.reflect.Constructor.newInstance(Unknown Source)at org.openqa.selenium.remote.ErrorHandler.createThrowable(ErrorHandler.java:214)at org.openqa.selenium.remote.ErrorHandler.throwIfResponseFailed(ErrorHandler.java:166)at org.openqa.selenium.remote.http.JsonHttpResponseCodec.reconstructValue(JsonHttpResponseCodec.java:40)at org.openqa.selenium.remote.http.AbstractHttpResponseCodec.decode(AbstractHttpResponseCodec.java:80)at org.openqa.selenium.remote.http.AbstractHttpResponseCodec.decode(AbstractHttpResponseCodec.java:44)at org.openqa.selenium.remote.HttpCommandExecutor.execute(HttpCommandExecutor.java:164)at org.openqa.selenium.remote.RemoteWebDriver.execute(RemoteWebDriver.java:601)at org.openqa.selenium.remote.RemoteWebElement.execute(RemoteWebElement.java:279)at org.openqa.selenium.remote.RemoteWebElement.sendKeys(RemoteWebElement.java:100)at sun.reflect.NativeMethodAccessorImpl.invoke0(Native Method)at sun.reflect.NativeMethodAccessorImpl.invoke(Unknown Source)at sun.reflect.DelegatingMethodAccessorImpl.invoke(Unknown Source)at java.lang.reflect.Method.invoke(Unknown Source)at org.openqa.selenium.support.pagefactory.internal.LocatingElementHandler.invoke(LocatingElementHandler.java:51)at com.sun.proxy.$Proxy11.sendKeys(Unknown Source)at com.actitime.page.LoginPage.enterUN(LoginPage.java:38)at com.actitime.tests.InvalidLoginTest.testInvalidLogin(InvalidLoginTest.java:24)at sun.reflect.NativeMethodAccessorImpl.invoke0(Native Method)at sun.reflect.NativeMethodAccessorImpl.invoke(Unknown Source)at sun.reflect.DelegatingMethodAccessorImpl.invoke(Unknown Source)at java.lang.reflect.Method.invoke(Unknown Source)at org.testng.internal.MethodInvocationHelper.invokeMethod(MethodInvocationHelper.java:124)at org.testng.internal.Invoker.invokeMethod(Invoker.java:571)at org.testng.internal.Invoker.invokeTestMethod(Invoker.java:707)at org.testng.internal.Invoker.invokeTestMethods(Invoker.java:979)at org.testng.internal.TestMethodWorker.invokeTestMethods(TestMethodWorker.java:125)at org.testng.internal.TestMethodWorker.run(TestMethodWorker.java:109)at org.testng.TestRunner.privateRun(TestRunner.java:648)at org.testng.TestRunner.run(TestRunner.java:505)at org.testng.SuiteRunner.runTest(SuiteRunner.java:455)at org.testng.SuiteRunner.runSequentially(SuiteRunner.java:450)at org.testng.SuiteRunner.privateRun(SuiteRunner.java:415)at org.testng.SuiteRunner.run(SuiteRunner.java:364)at org.testng.SuiteRunnerWorker.runSuite(SuiteRunnerWorker.java:52)at org.testng.SuiteRunnerWorker.run(SuiteRunnerWorker.java:84)at org.testng.TestNG.runSuitesSequentially(TestNG.java:1187)at org.testng.TestNG.runSuitesLocally(TestNG.java:1116)at org.testng.TestNG.runSuites(TestNG.java:1028)at org.testng.TestNG.run(TestNG.java:996)at org.testng.remote.AbstractRemoteTestNG.run(AbstractRemoteTestNG.java:114)at org.testng.remote.RemoteTestNG.initAndRun(RemoteTestNG.java:251)at org.testng.remote.RemoteTestNG.main(RemoteTestNG.java:77)]]>
            </full-stacktrace>
          </exception> <!-- org.openqa.selenium.ElementNotVisibleException -->
          <reporter-output>
            <line>
              <![CDATA[title is matchingactiTIME - Login]]>
            </line>
          </reporter-output>
        </test-method> <!-- testInvalidLogin -->
        <test-method status="PASS" signature="postCondition()[pri:0, instance:com.actitime.tests.InvalidLoginTest@c46bcd4]" name="postCondition" is-config="true" duration-ms="2260" started-at="2018-02-12T19:32:18Z" finished-at="2018-02-12T19:32:20Z">
          <reporter-output>
          </reporter-output>
        </test-method> <!-- postCondition -->
      </class> <!-- com.actitime.tests.InvalidLoginTest -->
      <class name="com.actitime.tests.VerifyVersionTest">
        <test-method status="PASS" signature="preCondition(java.lang.String, java.lang.String, java.lang.String)[pri:0, instance:com.actitime.tests.VerifyVersionTest@36b4cef0]" name="preCondition" is-config="true" duration-ms="15244" started-at="2018-02-12T19:33:25Z" finished-at="2018-02-12T19:33:40Z">
          <params>
            <param index="0">
              <value>
                <![CDATA[http://192.168.79.1:4444/wd/hub]]>
              </value>
            </param>
            <param index="1">
              <value>
                <![CDATA[chrome]]>
              </value>
            </param>
            <param index="2">
              <value>
                <![CDATA[https://demo.actitime.com/login.do]]>
              </value>
            </param>
          </params>
          <reporter-output>
          </reporter-output>
        </test-method> <!-- preCondition -->
        <test-method status="PASS" signature="testVerifyVersion()[pri:0, instance:com.actitime.tests.VerifyVersionTest@36b4cef0]" name="testVerifyVersion" duration-ms="351" started-at="2018-02-12T19:33:40Z" finished-at="2018-02-12T19:33:41Z">
          <reporter-output>
            <line>
              <![CDATA[title is matchingactiTIME - Login]]>
            </line>
          </reporter-output>
        </test-method> <!-- testVerifyVersion -->
        <test-method status="PASS" signature="postCondition()[pri:0, instance:com.actitime.tests.VerifyVersionTest@36b4cef0]" name="postCondition" is-config="true" duration-ms="2132" started-at="2018-02-12T19:33:41Z" finished-at="2018-02-12T19:33:43Z">
          <reporter-output>
          </reporter-output>
        </test-method> <!-- postCondition -->
      </class> <!-- com.actitime.tests.VerifyVersionTest -->
    </test> <!-- chromeTest -->
    <test name="firefoxTest" duration-ms="80633" started-at="2018-02-12T14:03:43Z" finished-at="2018-02-12T14:05:04Z">
      <class name="com.actitime.tests.ValidLoginLogoutTest">
        <test-method status="PASS" signature="preCondition(java.lang.String, java.lang.String, java.lang.String)[pri:0, instance:com.actitime.tests.ValidLoginLogoutTest@262b2c86]" name="preCondition" is-config="true" duration-ms="13596" started-at="2018-02-12T19:34:02Z" finished-at="2018-02-12T19:34:16Z">
          <params>
            <param index="0">
              <value>
                <![CDATA[http://192.168.79.1:4444/wd/hub]]>
              </value>
            </param>
            <param index="1">
              <value>
                <![CDATA[Firefox]]>
              </value>
            </param>
            <param index="2">
              <value>
                <![CDATA[https://demo.actitime.com/login.do]]>
              </value>
            </param>
          </params>
          <reporter-output>
          </reporter-output>
        </test-method> <!-- preCondition -->
        <test-method status="PASS" signature="testValidLoginLogout()[pri:0, instance:com.actitime.tests.ValidLoginLogoutTest@262b2c86]" name="testValidLoginLogout" duration-ms="8762" started-at="2018-02-12T19:34:16Z" finished-at="2018-02-12T19:34:25Z">
          <reporter-output>
            <line>
              <![CDATA[title is matchingactiTIME - Login]]>
            </line>
            <line>
              <![CDATA[title is matchingactiTIME - Enter Time-Track]]>
            </line>
            <line>
              <![CDATA[title is matchingactiTIME - Login]]>
            </line>
          </reporter-output>
        </test-method> <!-- testValidLoginLogout -->
        <test-method status="PASS" signature="postCondition()[pri:0, instance:com.actitime.tests.ValidLoginLogoutTest@262b2c86]" name="postCondition" is-config="true" duration-ms="376" started-at="2018-02-12T19:34:25Z" finished-at="2018-02-12T19:34:25Z">
          <reporter-output>
          </reporter-output>
        </test-method> <!-- postCondition -->
      </class> <!-- com.actitime.tests.ValidLoginLogoutTest -->
      <class name="com.actitime.tests.VerifyBuildTest">
        <test-method status="PASS" signature="preCondition(java.lang.String, java.lang.String, java.lang.String)[pri:0, instance:com.actitime.tests.VerifyBuildTest@371a67ec]" name="preCondition" is-config="true" duration-ms="15212" started-at="2018-02-12T19:34:25Z" finished-at="2018-02-12T19:34:40Z">
          <params>
            <param index="0">
              <value>
                <![CDATA[http://192.168.79.1:4444/wd/hub]]>
              </value>
            </param>
            <param index="1">
              <value>
                <![CDATA[Firefox]]>
              </value>
            </param>
            <param index="2">
              <value>
                <![CDATA[https://demo.actitime.com/login.do]]>
              </value>
            </param>
          </params>
          <reporter-output>
          </reporter-output>
        </test-method> <!-- preCondition -->
        <test-method status="PASS" signature="testVerifyBuild()[pri:0, instance:com.actitime.tests.VerifyBuildTest@371a67ec]" name="testVerifyBuild" duration-ms="7442" started-at="2018-02-12T19:34:40Z" finished-at="2018-02-12T19:34:48Z">
          <reporter-output>
            <line>
              <![CDATA[title is matchingactiTIME - Login]]>
            </line>
            <line>
              <![CDATA[title is matchingactiTIME - Enter Time-Track]]>
            </line>
          </reporter-output>
        </test-method> <!-- testVerifyBuild -->
        <test-method status="PASS" signature="postCondition()[pri:0, instance:com.actitime.tests.VerifyBuildTest@371a67ec]" name="postCondition" is-config="true" duration-ms="275" started-at="2018-02-12T19:34:48Z" finished-at="2018-02-12T19:34:48Z">
          <reporter-output>
          </reporter-output>
        </test-method> <!-- postCondition -->
      </class> <!-- com.actitime.tests.VerifyBuildTest -->
      <class name="com.actitime.tests.InvalidLoginTest">
        <test-method status="PASS" signature="preCondition(java.lang.String, java.lang.String, java.lang.String)[pri:0, instance:com.actitime.tests.InvalidLoginTest@13c27452]" name="preCondition" is-config="true" duration-ms="12962" started-at="2018-02-12T19:33:43Z" finished-at="2018-02-12T19:33:56Z">
          <params>
            <param index="0">
              <value>
                <![CDATA[http://192.168.79.1:4444/wd/hub]]>
              </value>
            </param>
            <param index="1">
              <value>
                <![CDATA[Firefox]]>
              </value>
            </param>
            <param index="2">
              <value>
                <![CDATA[https://demo.actitime.com/login.do]]>
              </value>
            </param>
          </params>
          <reporter-output>
          </reporter-output>
        </test-method> <!-- preCondition -->
        <test-method status="PASS" signature="testInvalidLogin()[pri:0, instance:com.actitime.tests.InvalidLoginTest@13c27452]" name="testInvalidLogin" duration-ms="4425" started-at="2018-02-12T19:33:56Z" finished-at="2018-02-12T19:34:00Z">
          <reporter-output>
            <line>
              <![CDATA[title is matchingactiTIME - Login]]>
            </line>
            <line>
              <![CDATA[element is matching[[RemoteWebDriver: chrome on XP (85bfc7347f490b1858f3d138802e1af5)] -> xpath: //span[contains(.,'invalid')]]]]>
            </line>
          </reporter-output>
        </test-method> <!-- testInvalidLogin -->
        <test-method status="PASS" signature="postCondition()[pri:0, instance:com.actitime.tests.InvalidLoginTest@13c27452]" name="postCondition" is-config="true" duration-ms="2128" started-at="2018-02-12T19:34:00Z" finished-at="2018-02-12T19:34:02Z">
          <reporter-output>
          </reporter-output>
        </test-method> <!-- postCondition -->
      </class> <!-- com.actitime.tests.InvalidLoginTest -->
      <class name="com.actitime.tests.VerifyVersionTest">
        <test-method status="PASS" signature="preCondition(java.lang.String, java.lang.String, java.lang.String)[pri:0, instance:com.actitime.tests.VerifyVersionTest@5ed828d]" name="preCondition" is-config="true" duration-ms="13048" started-at="2018-02-12T19:34:48Z" finished-at="2018-02-12T19:35:01Z">
          <params>
            <param index="0">
              <value>
                <![CDATA[http://192.168.79.1:4444/wd/hub]]>
              </value>
            </param>
            <param index="1">
              <value>
                <![CDATA[Firefox]]>
              </value>
            </param>
            <param index="2">
              <value>
                <![CDATA[https://demo.actitime.com/login.do]]>
              </value>
            </param>
          </params>
          <reporter-output>
          </reporter-output>
        </test-method> <!-- preCondition -->
        <test-method status="PASS" signature="testVerifyVersion()[pri:0, instance:com.actitime.tests.VerifyVersionTest@5ed828d]" name="testVerifyVersion" duration-ms="257" started-at="2018-02-12T19:35:01Z" finished-at="2018-02-12T19:35:01Z">
          <reporter-output>
            <line>
              <![CDATA[title is matchingactiTIME - Login]]>
            </line>
          </reporter-output>
        </test-method> <!-- testVerifyVersion -->
        <test-method status="PASS" signature="postCondition()[pri:0, instance:com.actitime.tests.VerifyVersionTest@5ed828d]" name="postCondition" is-config="true" duration-ms="2127" started-at="2018-02-12T19:35:01Z" finished-at="2018-02-12T19:35:04Z">
          <reporter-output>
          </reporter-output>
        </test-method> <!-- postCondition -->
      </class> <!-- com.actitime.tests.VerifyVersionTest -->
    </test> <!-- firefoxTest -->
  </suite> <!-- Suite -->
</testng-results>
